13:23:21:115  INFO 15120 --- [main] com.hmall.user.UserApplication           : Starting UserApplication using Java 11.0.26 on LYY with PID 15120 (F:\Code\JavaStudy\hmall\user-service\target\classes started by 21935 in F:\Code\JavaStudy\hmall)
13:23:21:118 DEBUG 15120 --- [main] com.hmall.user.UserApplication           : Running with Spring Boot v2.7.12, Spring v5.3.27
13:23:21:119  INFO 15120 --- [main] com.hmall.user.UserApplication           : The following 1 profile is active: "local"
13:23:21:699  INFO 15120 --- [main] .s.d.r.c.RepositoryConfigurationDelegate : Multiple Spring Data modules found, entering strict repository configuration mode
13:23:21:700  INFO 15120 --- [main] .s.d.r.c.RepositoryConfigurationDelegate : Bootstrapping Spring Data Redis repositories in DEFAULT mode.
13:23:21:712  INFO 15120 --- [main] .s.d.r.c.RepositoryConfigurationDelegate : Finished Spring Data repository scanning in 4 ms. Found 0 Redis repository interfaces.
13:23:21:800  INFO 15120 --- [main] o.s.cloud.context.scope.GenericScope     : BeanFactory id=16572a50-9f5d-33bf-94cd-be07189f6848
13:23:21:980  INFO 15120 --- [main] o.s.b.w.embedded.tomcat.TomcatWebServer  : Tomcat initialized with port(s): 8084 (http)
13:23:21:984  INFO 15120 --- [main] o.apache.catalina.core.StandardService   : Starting service [Tomcat]
13:23:21:984  INFO 15120 --- [main] org.apache.catalina.core.StandardEngine  : Starting Servlet engine: [Apache Tomcat/9.0.75]
13:23:22:055  INFO 15120 --- [main] o.a.c.c.C.[Tomcat].[localhost].[/]       : Initializing Spring embedded WebApplicationContext
13:23:22:055  INFO 15120 --- [main] w.s.c.ServletWebServerApplicationContext : Root WebApplicationContext: initialization completed in 914 ms
13:23:25:139  INFO 15120 --- [main] pertySourcedRequestMappingHandlerMapping : Mapped URL path [/v2/api-docs] onto method [springfox.documentation.swagger2.web.Swagger2ControllerWebMvc#getDocumentation(String, HttpServletRequest)]
13:23:25:947  INFO 15120 --- [main] com.alibaba.nacos.common.remote.client   : [RpcClientFactory] create a new rpc client of aa6e44b9-780c-4e4e-9ad0-a4940e8fbaf0
13:23:25:968  INFO 15120 --- [main] org.reflections.Reflections              : Reflections took 12 ms to scan 1 urls, producing 3 keys and 6 values 
13:23:25:981  INFO 15120 --- [main] org.reflections.Reflections              : Reflections took 6 ms to scan 1 urls, producing 4 keys and 9 values 
13:23:25:988  INFO 15120 --- [main] org.reflections.Reflections              : Reflections took 5 ms to scan 1 urls, producing 3 keys and 10 values 
13:23:25:990  WARN 15120 --- [main] org.reflections.Reflections              : given scan urls are empty. set urls in the configuration
13:23:25:996  INFO 15120 --- [main] org.reflections.Reflections              : Reflections took 6 ms to scan 1 urls, producing 1 keys and 5 values 
13:23:26:003  INFO 15120 --- [main] org.reflections.Reflections              : Reflections took 5 ms to scan 1 urls, producing 1 keys and 7 values 
13:23:26:017  INFO 15120 --- [main] org.reflections.Reflections              : Reflections took 13 ms to scan 1 urls, producing 2 keys and 8 values 
13:23:26:018  WARN 15120 --- [main] org.reflections.Reflections              : given scan urls are empty. set urls in the configuration
13:23:26:019  INFO 15120 --- [main] com.alibaba.nacos.common.remote.client   : [aa6e44b9-780c-4e4e-9ad0-a4940e8fbaf0] RpcClient init label, labels = {module=naming, source=sdk}
13:23:26:020  INFO 15120 --- [main] com.alibaba.nacos.common.remote.client   : [aa6e44b9-780c-4e4e-9ad0-a4940e8fbaf0] RpcClient init, ServerListFactory = com.alibaba.nacos.client.naming.core.ServerListManager
13:23:26:020  INFO 15120 --- [main] com.alibaba.nacos.common.remote.client   : [aa6e44b9-780c-4e4e-9ad0-a4940e8fbaf0] Registry connection listener to current client:com.alibaba.nacos.client.naming.remote.gprc.redo.NamingGrpcRedoService
13:23:26:020  INFO 15120 --- [main] com.alibaba.nacos.common.remote.client   : [aa6e44b9-780c-4e4e-9ad0-a4940e8fbaf0] Register server push request handler:com.alibaba.nacos.client.naming.remote.gprc.NamingPushRequestHandler
13:23:26:021  INFO 15120 --- [main] com.alibaba.nacos.common.remote.client   : [aa6e44b9-780c-4e4e-9ad0-a4940e8fbaf0] Try to connect to server on start up, server: {serverIp = '192.168.209.128', server main port = 8848}
13:23:27:853  INFO 15120 --- [main] com.alibaba.nacos.common.remote.client   : [aa6e44b9-780c-4e4e-9ad0-a4940e8fbaf0] Success to connect to server [192.168.209.128:8848] on start up, connectionId = 1742793807867_192.168.209.1_48434
13:23:27:854  INFO 15120 --- [com.alibaba.nacos.client.remote.worker] com.alibaba.nacos.common.remote.client   : [aa6e44b9-780c-4e4e-9ad0-a4940e8fbaf0] Notify connected event to listeners.
13:23:27:855  INFO 15120 --- [main] com.alibaba.nacos.common.remote.client   : [aa6e44b9-780c-4e4e-9ad0-a4940e8fbaf0] Register server push request handler:com.alibaba.nacos.common.remote.client.RpcClient$ConnectResetRequestHandler
13:23:27:857  INFO 15120 --- [main] com.alibaba.nacos.common.remote.client   : [aa6e44b9-780c-4e4e-9ad0-a4940e8fbaf0] Register server push request handler:com.alibaba.nacos.common.remote.client.RpcClient$$Lambda$1082/0x00000008406fc440
13:23:27:893  INFO 15120 --- [main] o.s.b.w.embedded.tomcat.TomcatWebServer  : Tomcat started on port(s): 8084 (http) with context path ''
13:23:27:900  INFO 15120 --- [main] c.a.c.n.registry.NacosServiceRegistry    : nacos registry, DEFAULT_GROUP user-service 192.168.209.1:8084 register finished
13:23:28:254  INFO 15120 --- [main] d.s.w.p.DocumentationPluginsBootstrapper : Documentation plugins bootstrapped
13:23:28:255  INFO 15120 --- [main] d.s.w.p.DocumentationPluginsBootstrapper : Found 1 custom documentation plugin(s)
13:23:28:264  INFO 15120 --- [main] s.d.s.w.s.ApiListingReferenceScanner     : Scanning for api listing references
13:23:28:306  INFO 15120 --- [main] com.hmall.user.UserApplication           : Started UserApplication in 8.553 seconds (JVM running for 9.783)
13:23:28:457  INFO 15120 --- [nacos-grpc-client-executor-7] com.alibaba.nacos.common.remote.client   : [aa6e44b9-780c-4e4e-9ad0-a4940e8fbaf0] Receive server push request, request = NotifySubscriberRequest, requestId = 175
13:23:28:468  INFO 15120 --- [nacos-grpc-client-executor-7] com.alibaba.nacos.common.remote.client   : [aa6e44b9-780c-4e4e-9ad0-a4940e8fbaf0] Ack server push request, request = NotifySubscriberRequest, requestId = 175
13:24:22:435  INFO 15120 --- [http-nio-8084-exec-1] o.a.c.c.C.[Tomcat].[localhost].[/]       : Initializing Spring DispatcherServlet 'dispatcherServlet'
13:24:22:435  INFO 15120 --- [http-nio-8084-exec-1] o.s.web.servlet.DispatcherServlet        : Initializing Servlet 'dispatcherServlet'
13:24:22:436  INFO 15120 --- [http-nio-8084-exec-1] o.s.web.servlet.DispatcherServlet        : Completed initialization in 1 ms
13:24:22:506  INFO 15120 --- [http-nio-8084-exec-1] com.zaxxer.hikari.HikariDataSource       : HikariPool-1 - Starting...
13:24:22:613  INFO 15120 --- [http-nio-8084-exec-1] com.zaxxer.hikari.HikariDataSource       : HikariPool-1 - Start completed.
13:24:22:616 DEBUG 15120 --- [http-nio-8084-exec-1] c.h.user.mapper.UserMapper.selectOne     : ==>  Preparing: SELECT id,username,password,phone,create_time,update_time,status,balance FROM user WHERE (username = ?)
13:24:22:627 DEBUG 15120 --- [http-nio-8084-exec-1] c.h.user.mapper.UserMapper.selectOne     : ==> Parameters: rose(String)
13:24:22:638 DEBUG 15120 --- [http-nio-8084-exec-1] c.h.user.mapper.UserMapper.selectOne     : <==      Total: 1
16:58:33:975  INFO 15120 --- [com.alibaba.nacos.client.remote.worker] com.alibaba.nacos.common.remote.client   : [aa6e44b9-780c-4e4e-9ad0-a4940e8fbaf0] Server healthy check fail, currentConnection = 1742793807867_192.168.209.1_48434
16:58:33:976  INFO 15120 --- [com.alibaba.nacos.client.remote.worker] com.alibaba.nacos.common.remote.client   : [aa6e44b9-780c-4e4e-9ad0-a4940e8fbaf0] Try to reconnect to a new server, server is  not appointed, will choose a random server.
16:58:34:687 ERROR 15120 --- [com.alibaba.nacos.client.naming.updater.8] com.alibaba.nacos.common.remote.client   : Send request fail, request = ServiceQueryRequest{headers={}, requestId='null'}, retryTimes = 0, errorMessage = java.util.concurrent.TimeoutException: Waited 3000 milliseconds (plus 6 milliseconds, 7500 nanoseconds delay) for com.alibaba.nacos.shaded.io.grpc.stub.ClientCalls$GrpcFuture@2bbff041[status=PENDING, info=[GrpcFuture{clientCall={delegate={delegate=ClientCallImpl{method=MethodDescriptor{fullMethodName=Request/request, type=UNARY, idempotent=false, safe=false, sampledToLocalTracing=true, requestMarshaller=com.alibaba.nacos.shaded.io.grpc.protobuf.lite.ProtoLiteUtils$MessageMarshaller@291ced69, responseMarshaller=com.alibaba.nacos.shaded.io.grpc.protobuf.lite.ProtoLiteUtils$MessageMarshaller@222f8a42, schemaDescriptor=com.alibaba.nacos.api.grpc.auto.RequestGrpc$RequestMethodDescriptorSupplier@38140900}}}}}]]
19:21:05:490  INFO 35376 --- [main] com.hmall.user.UserApplication           : Starting UserApplication using Java 11.0.26 on LYY with PID 35376 (F:\Code\JavaStudy\hmall\user-service\target\classes started by 21935 in F:\Code\JavaStudy\hmall)
19:21:05:491 DEBUG 35376 --- [main] com.hmall.user.UserApplication           : Running with Spring Boot v2.7.12, Spring v5.3.27
19:21:05:491  INFO 35376 --- [main] com.hmall.user.UserApplication           : The following 1 profile is active: "local"
19:21:06:058  INFO 35376 --- [main] .s.d.r.c.RepositoryConfigurationDelegate : Multiple Spring Data modules found, entering strict repository configuration mode
19:21:06:059  INFO 35376 --- [main] .s.d.r.c.RepositoryConfigurationDelegate : Bootstrapping Spring Data Redis repositories in DEFAULT mode.
19:21:06:070  INFO 35376 --- [main] .s.d.r.c.RepositoryConfigurationDelegate : Finished Spring Data repository scanning in 4 ms. Found 0 Redis repository interfaces.
19:21:06:157  INFO 35376 --- [main] o.s.cloud.context.scope.GenericScope     : BeanFactory id=16572a50-9f5d-33bf-94cd-be07189f6848
19:21:06:354  INFO 35376 --- [main] o.s.b.w.embedded.tomcat.TomcatWebServer  : Tomcat initialized with port(s): 8084 (http)
19:21:06:358  INFO 35376 --- [main] o.apache.catalina.core.StandardService   : Starting service [Tomcat]
19:21:06:358  INFO 35376 --- [main] org.apache.catalina.core.StandardEngine  : Starting Servlet engine: [Apache Tomcat/9.0.75]
19:21:06:427  INFO 35376 --- [main] o.a.c.c.C.[Tomcat].[localhost].[/]       : Initializing Spring embedded WebApplicationContext
19:21:06:427  INFO 35376 --- [main] w.s.c.ServletWebServerApplicationContext : Root WebApplicationContext: initialization completed in 915 ms
19:21:10:668  INFO 35376 --- [main] pertySourcedRequestMappingHandlerMapping : Mapped URL path [/v2/api-docs] onto method [springfox.documentation.swagger2.web.Swagger2ControllerWebMvc#getDocumentation(String, HttpServletRequest)]
19:21:11:453  INFO 35376 --- [main] com.alibaba.nacos.common.remote.client   : [RpcClientFactory] create a new rpc client of 96a6ebad-6486-40ff-bb4a-aac3fa53e02f
19:21:11:473  INFO 35376 --- [main] org.reflections.Reflections              : Reflections took 11 ms to scan 1 urls, producing 3 keys and 6 values 
19:21:11:485  INFO 35376 --- [main] org.reflections.Reflections              : Reflections took 6 ms to scan 1 urls, producing 4 keys and 9 values 
19:21:11:492  INFO 35376 --- [main] org.reflections.Reflections              : Reflections took 5 ms to scan 1 urls, producing 3 keys and 10 values 
19:21:11:493  WARN 35376 --- [main] org.reflections.Reflections              : given scan urls are empty. set urls in the configuration
19:21:11:498  INFO 35376 --- [main] org.reflections.Reflections              : Reflections took 5 ms to scan 1 urls, producing 1 keys and 5 values 
19:21:11:504  INFO 35376 --- [main] org.reflections.Reflections              : Reflections took 5 ms to scan 1 urls, producing 1 keys and 7 values 
19:21:11:510  INFO 35376 --- [main] org.reflections.Reflections              : Reflections took 4 ms to scan 1 urls, producing 2 keys and 8 values 
19:21:11:511  WARN 35376 --- [main] org.reflections.Reflections              : given scan urls are empty. set urls in the configuration
19:21:11:511  INFO 35376 --- [main] com.alibaba.nacos.common.remote.client   : [96a6ebad-6486-40ff-bb4a-aac3fa53e02f] RpcClient init label, labels = {module=naming, source=sdk}
19:21:11:512  INFO 35376 --- [main] com.alibaba.nacos.common.remote.client   : [96a6ebad-6486-40ff-bb4a-aac3fa53e02f] RpcClient init, ServerListFactory = com.alibaba.nacos.client.naming.core.ServerListManager
19:21:11:520  INFO 35376 --- [main] com.alibaba.nacos.common.remote.client   : [96a6ebad-6486-40ff-bb4a-aac3fa53e02f] Registry connection listener to current client:com.alibaba.nacos.client.naming.remote.gprc.redo.NamingGrpcRedoService
19:21:11:521  INFO 35376 --- [main] com.alibaba.nacos.common.remote.client   : [96a6ebad-6486-40ff-bb4a-aac3fa53e02f] Register server push request handler:com.alibaba.nacos.client.naming.remote.gprc.NamingPushRequestHandler
19:21:11:522  INFO 35376 --- [main] com.alibaba.nacos.common.remote.client   : [96a6ebad-6486-40ff-bb4a-aac3fa53e02f] Try to connect to server on start up, server: {serverIp = '192.168.209.128', server main port = 8848}
19:21:13:396  INFO 35376 --- [main] com.alibaba.nacos.common.remote.client   : [96a6ebad-6486-40ff-bb4a-aac3fa53e02f] Success to connect to server [192.168.209.128:8848] on start up, connectionId = 1742815273369_192.168.209.1_27134
19:21:13:396  INFO 35376 --- [com.alibaba.nacos.client.remote.worker] com.alibaba.nacos.common.remote.client   : [96a6ebad-6486-40ff-bb4a-aac3fa53e02f] Notify connected event to listeners.
19:21:13:398  INFO 35376 --- [main] com.alibaba.nacos.common.remote.client   : [96a6ebad-6486-40ff-bb4a-aac3fa53e02f] Register server push request handler:com.alibaba.nacos.common.remote.client.RpcClient$ConnectResetRequestHandler
19:21:13:399  INFO 35376 --- [main] com.alibaba.nacos.common.remote.client   : [96a6ebad-6486-40ff-bb4a-aac3fa53e02f] Register server push request handler:com.alibaba.nacos.common.remote.client.RpcClient$$Lambda$1082/0x00000008406fc440
19:21:13:436  INFO 35376 --- [main] o.s.b.w.embedded.tomcat.TomcatWebServer  : Tomcat started on port(s): 8084 (http) with context path ''
19:21:13:446  INFO 35376 --- [main] c.a.c.n.registry.NacosServiceRegistry    : nacos registry, DEFAULT_GROUP user-service 192.168.209.1:8084 register finished
19:21:14:008  INFO 35376 --- [nacos-grpc-client-executor-10] com.alibaba.nacos.common.remote.client   : [96a6ebad-6486-40ff-bb4a-aac3fa53e02f] Receive server push request, request = NotifySubscriberRequest, requestId = 9
19:21:14:018  INFO 35376 --- [nacos-grpc-client-executor-10] com.alibaba.nacos.common.remote.client   : [96a6ebad-6486-40ff-bb4a-aac3fa53e02f] Ack server push request, request = NotifySubscriberRequest, requestId = 9
19:21:14:026  INFO 35376 --- [main] d.s.w.p.DocumentationPluginsBootstrapper : Documentation plugins bootstrapped
19:21:14:027  INFO 35376 --- [main] d.s.w.p.DocumentationPluginsBootstrapper : Found 1 custom documentation plugin(s)
19:21:14:037  INFO 35376 --- [main] s.d.s.w.s.ApiListingReferenceScanner     : Scanning for api listing references
19:21:14:082  INFO 35376 --- [main] com.hmall.user.UserApplication           : Started UserApplication in 10.141 seconds (JVM running for 11.521)
19:41:42:419  INFO 35376 --- [com.alibaba.nacos.client.remote.worker] com.alibaba.nacos.common.remote.client   : [96a6ebad-6486-40ff-bb4a-aac3fa53e02f] Server healthy check fail, currentConnection = 1742815273369_192.168.209.1_27134
19:41:42:420  INFO 35376 --- [com.alibaba.nacos.client.remote.worker] com.alibaba.nacos.common.remote.client   : [96a6ebad-6486-40ff-bb4a-aac3fa53e02f] Try to reconnect to a new server, server is  not appointed, will choose a random server.
19:41:44:748  INFO 35376 --- [com.alibaba.nacos.client.remote.worker] com.alibaba.nacos.common.remote.client   : [96a6ebad-6486-40ff-bb4a-aac3fa53e02f] Success to connect a server [192.168.209.128:8848], connectionId = 1742816504823_192.168.209.1_51830
19:41:44:748  INFO 35376 --- [com.alibaba.nacos.client.remote.worker] com.alibaba.nacos.common.remote.client   : [96a6ebad-6486-40ff-bb4a-aac3fa53e02f] Abandon prev connection, server is 192.168.209.128:8848, connectionId is 1742815273369_192.168.209.1_27134
19:41:44:749  INFO 35376 --- [com.alibaba.nacos.client.remote.worker] com.alibaba.nacos.common.remote.client   : Close current connection 1742815273369_192.168.209.1_27134
19:41:44:751  INFO 35376 --- [nacos-grpc-client-executor-273] c.a.n.c.remote.client.grpc.GrpcClient    : [1742815273369_192.168.209.1_27134]Ignore complete event,isRunning:false,isAbandon=true
19:41:44:752  INFO 35376 --- [com.alibaba.nacos.client.remote.worker] com.alibaba.nacos.common.remote.client   : [96a6ebad-6486-40ff-bb4a-aac3fa53e02f] Notify disconnected event to listeners
19:41:44:753  INFO 35376 --- [com.alibaba.nacos.client.remote.worker] com.alibaba.nacos.common.remote.client   : [96a6ebad-6486-40ff-bb4a-aac3fa53e02f] Notify connected event to listeners.
19:41:45:318  INFO 35376 --- [nacos-grpc-client-executor-276] com.alibaba.nacos.common.remote.client   : [96a6ebad-6486-40ff-bb4a-aac3fa53e02f] Receive server push request, request = NotifySubscriberRequest, requestId = 19
19:41:45:319  INFO 35376 --- [nacos-grpc-client-executor-276] com.alibaba.nacos.common.remote.client   : [96a6ebad-6486-40ff-bb4a-aac3fa53e02f] Ack server push request, request = NotifySubscriberRequest, requestId = 19
20:16:08:731  WARN 35376 --- [Thread-4] c.a.nacos.common.notify.NotifyCenter     : [NotifyCenter] Start destroying Publisher
20:16:08:731  WARN 35376 --- [Thread-7] c.a.n.common.http.HttpClientBeanHolder   : [HttpClientBeanHolder] Start destroying common HttpClient
20:16:08:731  WARN 35376 --- [Thread-4] c.a.nacos.common.notify.NotifyCenter     : [NotifyCenter] Destruction of the end
20:16:08:731  WARN 35376 --- [Thread-7] c.a.n.common.http.HttpClientBeanHolder   : [HttpClientBeanHolder] Destruction of the end
20:16:09:537  INFO 35376 --- [SpringApplicationShutdownHook] c.a.c.n.registry.NacosServiceRegistry    : De-registering from Nacos Server now...
20:16:09:540  INFO 35376 --- [SpringApplicationShutdownHook] c.a.c.n.registry.NacosServiceRegistry    : De-registration finished.
20:16:09:876  INFO 35376 --- [SpringApplicationShutdownHook] com.alibaba.nacos.common.remote.client   : Shutdown rpc client, set status to shutdown
20:16:09:876  INFO 35376 --- [SpringApplicationShutdownHook] com.alibaba.nacos.common.remote.client   : Shutdown client event executor java.util.concurrent.ScheduledThreadPoolExecutor@66f07315[Running, pool size = 2, active threads = 2, queued tasks = 0, completed tasks = 0]
20:16:09:876  INFO 35376 --- [SpringApplicationShutdownHook] com.alibaba.nacos.common.remote.client   : Close current connection 1742816504823_192.168.209.1_51830
20:16:09:876  INFO 35376 --- [SpringApplicationShutdownHook] c.a.n.c.remote.client.grpc.GrpcClient    : Shutdown grpc executor java.util.concurrent.ThreadPoolExecutor@3278ca4b[Running, pool size = 3, active threads = 0, queued tasks = 0, completed tasks = 697]
