17:05:22:232  INFO 53784 --- [main] com.hmall.gateway.GatewayApplication     : The following 1 profile is active: "dev"
17:05:22:714  INFO 53784 --- [main] o.s.cloud.context.scope.GenericScope     : BeanFactory id=5562f402-57f8-359c-83d6-619135b6649e
17:05:22:750  INFO 53784 --- [main] trationDelegate$BeanPostProcessorChecker : Bean 'org.springframework.cloud.client.loadbalancer.reactive.LoadBalancerBeanPostProcessorAutoConfiguration' of type [org.springframework.cloud.client.loadbalancer.reactive.LoadBalancerBeanPostProcessorAutoConfiguration] is not eligible for getting processed by all BeanPostProcessors (for example: not eligible for auto-proxying)
17:05:22:751  INFO 53784 --- [main] trationDelegate$BeanPostProcessorChecker : Bean 'org.springframework.cloud.client.loadbalancer.reactive.LoadBalancerBeanPostProcessorAutoConfiguration$ReactorDeferringLoadBalancerFilterConfig' of type [org.springframework.cloud.client.loadbalancer.reactive.LoadBalancerBeanPostProcessorAutoConfiguration$ReactorDeferringLoadBalancerFilterConfig] is not eligible for getting processed by all BeanPostProcessors (for example: not eligible for auto-proxying)
17:05:22:752  INFO 53784 --- [main] trationDelegate$BeanPostProcessorChecker : Bean 'reactorDeferringLoadBalancerExchangeFilterFunction' of type [org.springframework.cloud.client.loadbalancer.reactive.DeferringLoadBalancerExchangeFilterFunction] is not eligible for getting processed by all BeanPostProcessors (for example: not eligible for auto-proxying)
17:05:23:123 DEBUG 53784 --- [main] c.h.gateway.routers.DynamicRouteLoader   : 监听到理由配置信息：[
    {
        "id": "item",
        "predicates": [{
            "name": "Path",
            "args": {"_genkey_0":"/items/**", "_genkey_1":"/search/**"}
        }],
        "filters": [],
        "uri": "lb://item-service"
    },
    {
        "id": "cart",
        "predicates": [{
            "name": "Path",
            "args": {"_genkey_0":"/carts/**"}
        }],
        "filters": [],
        "uri": "lb://cart-service"
    },
    {
        "id": "user",
        "predicates": [{
            "name": "Path",
            "args": {"_genkey_0":"/users/**", "_genkey_1":"/addresses/**"}
        }],
        "filters": [],
        "uri": "lb://user-service"
    },
    {
        "id": "trade",
        "predicates": [{
            "name": "Path",
            "args": {"_genkey_0":"/orders/**"}
        }],
        "filters": [],
        "uri": "lb://trade-service"
    },
    {
        "id": "pay",
        "predicates": [{
            "name": "Path",
            "args": {"_genkey_0":"/pay-orders/**"}
        }],
        "filters": [],
        "uri": "lb://pay-service"
    }
]
17:05:24:898  INFO 53784 --- [main] o.s.c.g.r.RouteDefinitionRouteLocator    : Loaded RoutePredicateFactory [After]
17:05:24:898  INFO 53784 --- [main] o.s.c.g.r.RouteDefinitionRouteLocator    : Loaded RoutePredicateFactory [Before]
17:05:24:899  INFO 53784 --- [main] o.s.c.g.r.RouteDefinitionRouteLocator    : Loaded RoutePredicateFactory [Between]
17:05:24:899  INFO 53784 --- [main] o.s.c.g.r.RouteDefinitionRouteLocator    : Loaded RoutePredicateFactory [Cookie]
17:05:24:899  INFO 53784 --- [main] o.s.c.g.r.RouteDefinitionRouteLocator    : Loaded RoutePredicateFactory [Header]
17:05:24:899  INFO 53784 --- [main] o.s.c.g.r.RouteDefinitionRouteLocator    : Loaded RoutePredicateFactory [Host]
17:05:24:899  INFO 53784 --- [main] o.s.c.g.r.RouteDefinitionRouteLocator    : Loaded RoutePredicateFactory [Method]
17:05:24:899  INFO 53784 --- [main] o.s.c.g.r.RouteDefinitionRouteLocator    : Loaded RoutePredicateFactory [Path]
17:05:24:899  INFO 53784 --- [main] o.s.c.g.r.RouteDefinitionRouteLocator    : Loaded RoutePredicateFactory [Query]
17:05:24:899  INFO 53784 --- [main] o.s.c.g.r.RouteDefinitionRouteLocator    : Loaded RoutePredicateFactory [ReadBody]
17:05:24:899  INFO 53784 --- [main] o.s.c.g.r.RouteDefinitionRouteLocator    : Loaded RoutePredicateFactory [RemoteAddr]
17:05:24:899  INFO 53784 --- [main] o.s.c.g.r.RouteDefinitionRouteLocator    : Loaded RoutePredicateFactory [XForwardedRemoteAddr]
17:05:24:899  INFO 53784 --- [main] o.s.c.g.r.RouteDefinitionRouteLocator    : Loaded RoutePredicateFactory [Weight]
17:05:24:900  INFO 53784 --- [main] o.s.c.g.r.RouteDefinitionRouteLocator    : Loaded RoutePredicateFactory [CloudFoundryRouteService]
17:05:26:035  INFO 53784 --- [main] com.alibaba.nacos.common.remote.client   : [RpcClientFactory] create a new rpc client of 157902d5-b6a1-4b6c-ac7f-b54d3958645c
17:05:26:035  INFO 53784 --- [main] com.alibaba.nacos.common.remote.client   : [157902d5-b6a1-4b6c-ac7f-b54d3958645c] RpcClient init label, labels = {module=naming, source=sdk}
17:05:26:036  INFO 53784 --- [main] com.alibaba.nacos.common.remote.client   : [157902d5-b6a1-4b6c-ac7f-b54d3958645c] RpcClient init, ServerListFactory = com.alibaba.nacos.client.naming.core.ServerListManager
17:05:26:036  INFO 53784 --- [main] com.alibaba.nacos.common.remote.client   : [157902d5-b6a1-4b6c-ac7f-b54d3958645c] Registry connection listener to current client:com.alibaba.nacos.client.naming.remote.gprc.redo.NamingGrpcRedoService
17:05:26:036  INFO 53784 --- [main] com.alibaba.nacos.common.remote.client   : [157902d5-b6a1-4b6c-ac7f-b54d3958645c] Register server push request handler:com.alibaba.nacos.client.naming.remote.gprc.NamingPushRequestHandler
17:05:26:037  INFO 53784 --- [main] com.alibaba.nacos.common.remote.client   : [157902d5-b6a1-4b6c-ac7f-b54d3958645c] Try to connect to server on start up, server: {serverIp = '192.168.209.128', server main port = 8848}
17:05:26:168  INFO 53784 --- [main] com.alibaba.nacos.common.remote.client   : [157902d5-b6a1-4b6c-ac7f-b54d3958645c] Success to connect to server [192.168.209.128:8848] on start up, connectionId = 1743152726283_192.168.209.1_56404
17:05:26:168  INFO 53784 --- [main] com.alibaba.nacos.common.remote.client   : [157902d5-b6a1-4b6c-ac7f-b54d3958645c] Register server push request handler:com.alibaba.nacos.common.remote.client.RpcClient$ConnectResetRequestHandler
17:05:26:168  INFO 53784 --- [main] com.alibaba.nacos.common.remote.client   : [157902d5-b6a1-4b6c-ac7f-b54d3958645c] Register server push request handler:com.alibaba.nacos.common.remote.client.RpcClient$$Lambda$465/0x000000084038e440
17:05:26:168  INFO 53784 --- [com.alibaba.nacos.client.remote.worker] com.alibaba.nacos.common.remote.client   : [157902d5-b6a1-4b6c-ac7f-b54d3958645c] Notify connected event to listeners.
17:05:26:715  INFO 53784 --- [nacos-grpc-client-executor-5] com.alibaba.nacos.common.remote.client   : [157902d5-b6a1-4b6c-ac7f-b54d3958645c] Receive server push request, request = NotifySubscriberRequest, requestId = 2
17:05:26:725  INFO 53784 --- [nacos-grpc-client-executor-5] com.alibaba.nacos.common.remote.client   : [157902d5-b6a1-4b6c-ac7f-b54d3958645c] Ack server push request, request = NotifySubscriberRequest, requestId = 2
17:05:27:146  INFO 53784 --- [main] o.s.b.web.embedded.netty.NettyWebServer  : Netty started on port 8080
17:05:29:829  INFO 53784 --- [main] c.a.c.n.registry.NacosServiceRegistry    : nacos registry, DEFAULT_GROUP gateway 192.168.209.1:8080 register finished
17:05:29:841  INFO 53784 --- [main] com.hmall.gateway.GatewayApplication     : Started GatewayApplication in 11.175 seconds (JVM running for 11.926)
17:05:29:843  INFO 53784 --- [main] c.a.c.n.refresh.NacosContextRefresher    : [Nacos Config] Listening config: dataId=gateway.yaml, group=DEFAULT_GROUP
17:05:29:843  INFO 53784 --- [main] c.a.c.n.refresh.NacosContextRefresher    : [Nacos Config] Listening config: dataId=gateway-dev.yaml, group=DEFAULT_GROUP
17:05:29:843  INFO 53784 --- [main] c.a.c.n.refresh.NacosContextRefresher    : [Nacos Config] Listening config: dataId=gateway, group=DEFAULT_GROUP
17:05:30:425  INFO 53784 --- [nacos-grpc-client-executor-11] com.alibaba.nacos.common.remote.client   : [157902d5-b6a1-4b6c-ac7f-b54d3958645c] Receive server push request, request = NotifySubscriberRequest, requestId = 5
17:05:30:436  INFO 53784 --- [nacos-grpc-client-executor-11] com.alibaba.nacos.common.remote.client   : [157902d5-b6a1-4b6c-ac7f-b54d3958645c] Ack server push request, request = NotifySubscriberRequest, requestId = 5
17:07:06:090  INFO 53784 --- [nacos-grpc-client-executor-39] com.alibaba.nacos.common.remote.client   : [157902d5-b6a1-4b6c-ac7f-b54d3958645c] Receive server push request, request = NotifySubscriberRequest, requestId = 12
17:07:06:090  INFO 53784 --- [nacos-grpc-client-executor-39] com.alibaba.nacos.common.remote.client   : [157902d5-b6a1-4b6c-ac7f-b54d3958645c] Ack server push request, request = NotifySubscriberRequest, requestId = 12
17:07:06:790  INFO 53784 --- [nacos-grpc-client-executor-43] com.alibaba.nacos.common.remote.client   : [157902d5-b6a1-4b6c-ac7f-b54d3958645c] Receive server push request, request = NotifySubscriberRequest, requestId = 13
17:07:06:790  INFO 53784 --- [nacos-grpc-client-executor-43] com.alibaba.nacos.common.remote.client   : [157902d5-b6a1-4b6c-ac7f-b54d3958645c] Ack server push request, request = NotifySubscriberRequest, requestId = 13
17:07:09:503  INFO 53784 --- [nacos-grpc-client-executor-46] com.alibaba.nacos.common.remote.client   : [157902d5-b6a1-4b6c-ac7f-b54d3958645c] Receive server push request, request = NotifySubscriberRequest, requestId = 14
17:07:09:503  INFO 53784 --- [nacos-grpc-client-executor-46] com.alibaba.nacos.common.remote.client   : [157902d5-b6a1-4b6c-ac7f-b54d3958645c] Ack server push request, request = NotifySubscriberRequest, requestId = 14
17:07:28:303  INFO 53784 --- [nacos-grpc-client-executor-52] com.alibaba.nacos.common.remote.client   : [157902d5-b6a1-4b6c-ac7f-b54d3958645c] Receive server push request, request = NotifySubscriberRequest, requestId = 16
17:07:28:303  INFO 53784 --- [nacos-grpc-client-executor-52] com.alibaba.nacos.common.remote.client   : [157902d5-b6a1-4b6c-ac7f-b54d3958645c] Ack server push request, request = NotifySubscriberRequest, requestId = 16
17:07:30:010  INFO 53784 --- [nacos-grpc-client-executor-55] com.alibaba.nacos.common.remote.client   : [157902d5-b6a1-4b6c-ac7f-b54d3958645c] Receive server push request, request = NotifySubscriberRequest, requestId = 19
17:07:30:011  INFO 53784 --- [nacos-grpc-client-executor-55] com.alibaba.nacos.common.remote.client   : [157902d5-b6a1-4b6c-ac7f-b54d3958645c] Ack server push request, request = NotifySubscriberRequest, requestId = 19
17:10:46:064  WARN 53784 --- [Thread-1] c.a.n.common.http.HttpClientBeanHolder   : [HttpClientBeanHolder] Start destroying common HttpClient
17:10:46:064  WARN 53784 --- [Thread-5] c.a.nacos.common.notify.NotifyCenter     : [NotifyCenter] Start destroying Publisher
17:10:46:064  WARN 53784 --- [Thread-5] c.a.nacos.common.notify.NotifyCenter     : [NotifyCenter] Destruction of the end
17:10:46:064  WARN 53784 --- [Thread-1] c.a.n.common.http.HttpClientBeanHolder   : [HttpClientBeanHolder] Destruction of the end
17:10:46:077  INFO 53784 --- [SpringApplicationShutdownHook] c.a.c.n.registry.NacosServiceRegistry    : De-registering from Nacos Server now...
17:10:46:081  INFO 53784 --- [SpringApplicationShutdownHook] c.a.c.n.registry.NacosServiceRegistry    : De-registration finished.
17:10:46:401  INFO 53784 --- [SpringApplicationShutdownHook] com.alibaba.nacos.common.remote.client   : Shutdown rpc client, set status to shutdown
17:10:46:401  INFO 53784 --- [SpringApplicationShutdownHook] com.alibaba.nacos.common.remote.client   : Shutdown client event executor java.util.concurrent.ScheduledThreadPoolExecutor@69afacb4[Running, pool size = 2, active threads = 2, queued tasks = 0, completed tasks = 0]
17:10:46:401  INFO 53784 --- [SpringApplicationShutdownHook] com.alibaba.nacos.common.remote.client   : Close current connection 1743152726283_192.168.209.1_56404
17:10:46:404  INFO 53784 --- [nacos-grpc-client-executor-109] c.a.n.c.remote.client.grpc.GrpcClient    : [1743152726283_192.168.209.1_56404]Ignore complete event,isRunning:false,isAbandon=false
17:10:46:404  INFO 53784 --- [SpringApplicationShutdownHook] c.a.n.c.remote.client.grpc.GrpcClient    : Shutdown grpc executor java.util.concurrent.ThreadPoolExecutor@672e72b2[Running, pool size = 4, active threads = 1, queued tasks = 0, completed tasks = 109]
17:10:58:983  INFO 51796 --- [main] com.hmall.gateway.GatewayApplication     : The following 1 profile is active: "dev"
17:10:59:370  INFO 51796 --- [main] o.s.cloud.context.scope.GenericScope     : BeanFactory id=5562f402-57f8-359c-83d6-619135b6649e
17:10:59:407  INFO 51796 --- [main] trationDelegate$BeanPostProcessorChecker : Bean 'org.springframework.cloud.client.loadbalancer.reactive.LoadBalancerBeanPostProcessorAutoConfiguration' of type [org.springframework.cloud.client.loadbalancer.reactive.LoadBalancerBeanPostProcessorAutoConfiguration] is not eligible for getting processed by all BeanPostProcessors (for example: not eligible for auto-proxying)
17:10:59:408  INFO 51796 --- [main] trationDelegate$BeanPostProcessorChecker : Bean 'org.springframework.cloud.client.loadbalancer.reactive.LoadBalancerBeanPostProcessorAutoConfiguration$ReactorDeferringLoadBalancerFilterConfig' of type [org.springframework.cloud.client.loadbalancer.reactive.LoadBalancerBeanPostProcessorAutoConfiguration$ReactorDeferringLoadBalancerFilterConfig] is not eligible for getting processed by all BeanPostProcessors (for example: not eligible for auto-proxying)
17:10:59:409  INFO 51796 --- [main] trationDelegate$BeanPostProcessorChecker : Bean 'reactorDeferringLoadBalancerExchangeFilterFunction' of type [org.springframework.cloud.client.loadbalancer.reactive.DeferringLoadBalancerExchangeFilterFunction] is not eligible for getting processed by all BeanPostProcessors (for example: not eligible for auto-proxying)
17:10:59:741 DEBUG 51796 --- [main] c.h.gateway.routers.DynamicRouteLoader   : 监听到理由配置信息：[
    {
        "id": "item",
        "predicates": [{
            "name": "Path",
            "args": {"_genkey_0":"/items/**", "_genkey_1":"/search/**"}
        }],
        "filters": [],
        "uri": "lb://item-service"
    },
    {
        "id": "cart",
        "predicates": [{
            "name": "Path",
            "args": {"_genkey_0":"/carts/**"}
        }],
        "filters": [],
        "uri": "lb://cart-service"
    },
    {
        "id": "user",
        "predicates": [{
            "name": "Path",
            "args": {"_genkey_0":"/users/**", "_genkey_1":"/addresses/**"}
        }],
        "filters": [],
        "uri": "lb://user-service"
    },
    {
        "id": "trade",
        "predicates": [{
            "name": "Path",
            "args": {"_genkey_0":"/orders/**"}
        }],
        "filters": [],
        "uri": "lb://trade-service"
    },
    {
        "id": "pay",
        "predicates": [{
            "name": "Path",
            "args": {"_genkey_0":"/pay-orders/**"}
        }],
        "filters": [],
        "uri": "lb://pay-service"
    }
]
17:11:02:351  INFO 51796 --- [main] o.s.c.g.r.RouteDefinitionRouteLocator    : Loaded RoutePredicateFactory [After]
17:11:02:352  INFO 51796 --- [main] o.s.c.g.r.RouteDefinitionRouteLocator    : Loaded RoutePredicateFactory [Before]
17:11:02:352  INFO 51796 --- [main] o.s.c.g.r.RouteDefinitionRouteLocator    : Loaded RoutePredicateFactory [Between]
17:11:02:352  INFO 51796 --- [main] o.s.c.g.r.RouteDefinitionRouteLocator    : Loaded RoutePredicateFactory [Cookie]
17:11:02:352  INFO 51796 --- [main] o.s.c.g.r.RouteDefinitionRouteLocator    : Loaded RoutePredicateFactory [Header]
17:11:02:352  INFO 51796 --- [main] o.s.c.g.r.RouteDefinitionRouteLocator    : Loaded RoutePredicateFactory [Host]
17:11:02:352  INFO 51796 --- [main] o.s.c.g.r.RouteDefinitionRouteLocator    : Loaded RoutePredicateFactory [Method]
17:11:02:352  INFO 51796 --- [main] o.s.c.g.r.RouteDefinitionRouteLocator    : Loaded RoutePredicateFactory [Path]
17:11:02:352  INFO 51796 --- [main] o.s.c.g.r.RouteDefinitionRouteLocator    : Loaded RoutePredicateFactory [Query]
17:11:02:352  INFO 51796 --- [main] o.s.c.g.r.RouteDefinitionRouteLocator    : Loaded RoutePredicateFactory [ReadBody]
17:11:02:352  INFO 51796 --- [main] o.s.c.g.r.RouteDefinitionRouteLocator    : Loaded RoutePredicateFactory [RemoteAddr]
17:11:02:352  INFO 51796 --- [main] o.s.c.g.r.RouteDefinitionRouteLocator    : Loaded RoutePredicateFactory [XForwardedRemoteAddr]
17:11:02:353  INFO 51796 --- [main] o.s.c.g.r.RouteDefinitionRouteLocator    : Loaded RoutePredicateFactory [Weight]
17:11:02:353  INFO 51796 --- [main] o.s.c.g.r.RouteDefinitionRouteLocator    : Loaded RoutePredicateFactory [CloudFoundryRouteService]
17:11:04:265  INFO 51796 --- [main] com.alibaba.nacos.common.remote.client   : [RpcClientFactory] create a new rpc client of ab2af9de-86ee-468d-80b2-32afbbad334c
17:11:04:266  INFO 51796 --- [main] com.alibaba.nacos.common.remote.client   : [ab2af9de-86ee-468d-80b2-32afbbad334c] RpcClient init label, labels = {module=naming, source=sdk}
17:11:04:267  INFO 51796 --- [main] com.alibaba.nacos.common.remote.client   : [ab2af9de-86ee-468d-80b2-32afbbad334c] RpcClient init, ServerListFactory = com.alibaba.nacos.client.naming.core.ServerListManager
17:11:04:267  INFO 51796 --- [main] com.alibaba.nacos.common.remote.client   : [ab2af9de-86ee-468d-80b2-32afbbad334c] Registry connection listener to current client:com.alibaba.nacos.client.naming.remote.gprc.redo.NamingGrpcRedoService
17:11:04:268  INFO 51796 --- [main] com.alibaba.nacos.common.remote.client   : [ab2af9de-86ee-468d-80b2-32afbbad334c] Register server push request handler:com.alibaba.nacos.client.naming.remote.gprc.NamingPushRequestHandler
17:11:04:268  INFO 51796 --- [main] com.alibaba.nacos.common.remote.client   : [ab2af9de-86ee-468d-80b2-32afbbad334c] Try to connect to server on start up, server: {serverIp = '192.168.209.128', server main port = 8848}
17:11:04:394  INFO 51796 --- [main] com.alibaba.nacos.common.remote.client   : [ab2af9de-86ee-468d-80b2-32afbbad334c] Success to connect to server [192.168.209.128:8848] on start up, connectionId = 1743153064522_192.168.209.1_19420
17:11:04:394  INFO 51796 --- [main] com.alibaba.nacos.common.remote.client   : [ab2af9de-86ee-468d-80b2-32afbbad334c] Register server push request handler:com.alibaba.nacos.common.remote.client.RpcClient$ConnectResetRequestHandler
17:11:04:394  INFO 51796 --- [main] com.alibaba.nacos.common.remote.client   : [ab2af9de-86ee-468d-80b2-32afbbad334c] Register server push request handler:com.alibaba.nacos.common.remote.client.RpcClient$$Lambda$465/0x000000084038e440
17:11:04:394  INFO 51796 --- [com.alibaba.nacos.client.remote.worker] com.alibaba.nacos.common.remote.client   : [ab2af9de-86ee-468d-80b2-32afbbad334c] Notify connected event to listeners.
17:11:04:915  INFO 51796 --- [nacos-grpc-client-executor-5] com.alibaba.nacos.common.remote.client   : [ab2af9de-86ee-468d-80b2-32afbbad334c] Receive server push request, request = NotifySubscriberRequest, requestId = 25
17:11:04:925  INFO 51796 --- [nacos-grpc-client-executor-5] com.alibaba.nacos.common.remote.client   : [ab2af9de-86ee-468d-80b2-32afbbad334c] Ack server push request, request = NotifySubscriberRequest, requestId = 25
17:11:05:305  INFO 51796 --- [main] o.s.b.web.embedded.netty.NettyWebServer  : Netty started on port 8080
17:11:07:745  INFO 51796 --- [main] c.a.c.n.registry.NacosServiceRegistry    : nacos registry, DEFAULT_GROUP gateway 192.168.209.1:8080 register finished
17:11:07:760  INFO 51796 --- [main] com.hmall.gateway.GatewayApplication     : Started GatewayApplication in 13.454 seconds (JVM running for 14.228)
17:11:07:763  INFO 51796 --- [main] c.a.c.n.refresh.NacosContextRefresher    : [Nacos Config] Listening config: dataId=gateway.yaml, group=DEFAULT_GROUP
17:11:07:764  INFO 51796 --- [main] c.a.c.n.refresh.NacosContextRefresher    : [Nacos Config] Listening config: dataId=gateway-dev.yaml, group=DEFAULT_GROUP
17:11:07:764  INFO 51796 --- [main] c.a.c.n.refresh.NacosContextRefresher    : [Nacos Config] Listening config: dataId=gateway, group=DEFAULT_GROUP
17:11:08:327  INFO 51796 --- [nacos-grpc-client-executor-10] com.alibaba.nacos.common.remote.client   : [ab2af9de-86ee-468d-80b2-32afbbad334c] Receive server push request, request = NotifySubscriberRequest, requestId = 28
17:11:08:336  INFO 51796 --- [nacos-grpc-client-executor-10] com.alibaba.nacos.common.remote.client   : [ab2af9de-86ee-468d-80b2-32afbbad334c] Ack server push request, request = NotifySubscriberRequest, requestId = 28
17:12:01:292  WARN 51796 --- [Thread-1] c.a.n.common.http.HttpClientBeanHolder   : [HttpClientBeanHolder] Start destroying common HttpClient
17:12:01:292  WARN 51796 --- [Thread-5] c.a.nacos.common.notify.NotifyCenter     : [NotifyCenter] Start destroying Publisher
17:12:01:292  WARN 51796 --- [Thread-5] c.a.nacos.common.notify.NotifyCenter     : [NotifyCenter] Destruction of the end
17:12:01:293  WARN 51796 --- [Thread-1] c.a.n.common.http.HttpClientBeanHolder   : [HttpClientBeanHolder] Destruction of the end
17:12:01:306  INFO 51796 --- [SpringApplicationShutdownHook] c.a.c.n.registry.NacosServiceRegistry    : De-registering from Nacos Server now...
17:12:01:310  INFO 51796 --- [SpringApplicationShutdownHook] c.a.c.n.registry.NacosServiceRegistry    : De-registration finished.
17:12:01:637  INFO 51796 --- [SpringApplicationShutdownHook] com.alibaba.nacos.common.remote.client   : Shutdown rpc client, set status to shutdown
17:12:01:637  INFO 51796 --- [SpringApplicationShutdownHook] com.alibaba.nacos.common.remote.client   : Shutdown client event executor java.util.concurrent.ScheduledThreadPoolExecutor@2a497e31[Running, pool size = 2, active threads = 2, queued tasks = 0, completed tasks = 0]
17:12:01:638  INFO 51796 --- [SpringApplicationShutdownHook] com.alibaba.nacos.common.remote.client   : Close current connection 1743153064522_192.168.209.1_19420
17:12:01:640  INFO 51796 --- [SpringApplicationShutdownHook] c.a.n.c.remote.client.grpc.GrpcClient    : Shutdown grpc executor java.util.concurrent.ThreadPoolExecutor@6a762e45[Running, pool size = 4, active threads = 0, queued tasks = 0, completed tasks = 24]
17:18:49:864  INFO 11672 --- [main] com.hmall.gateway.GatewayApplication     : The following 1 profile is active: "dev"
17:18:50:232  INFO 11672 --- [main] o.s.cloud.context.scope.GenericScope     : BeanFactory id=5562f402-57f8-359c-83d6-619135b6649e
17:18:50:269  INFO 11672 --- [main] trationDelegate$BeanPostProcessorChecker : Bean 'org.springframework.cloud.client.loadbalancer.reactive.LoadBalancerBeanPostProcessorAutoConfiguration' of type [org.springframework.cloud.client.loadbalancer.reactive.LoadBalancerBeanPostProcessorAutoConfiguration] is not eligible for getting processed by all BeanPostProcessors (for example: not eligible for auto-proxying)
17:18:50:270  INFO 11672 --- [main] trationDelegate$BeanPostProcessorChecker : Bean 'org.springframework.cloud.client.loadbalancer.reactive.LoadBalancerBeanPostProcessorAutoConfiguration$ReactorDeferringLoadBalancerFilterConfig' of type [org.springframework.cloud.client.loadbalancer.reactive.LoadBalancerBeanPostProcessorAutoConfiguration$ReactorDeferringLoadBalancerFilterConfig] is not eligible for getting processed by all BeanPostProcessors (for example: not eligible for auto-proxying)
17:18:50:271  INFO 11672 --- [main] trationDelegate$BeanPostProcessorChecker : Bean 'reactorDeferringLoadBalancerExchangeFilterFunction' of type [org.springframework.cloud.client.loadbalancer.reactive.DeferringLoadBalancerExchangeFilterFunction] is not eligible for getting processed by all BeanPostProcessors (for example: not eligible for auto-proxying)
17:18:50:601 DEBUG 11672 --- [main] c.h.gateway.routers.DynamicRouteLoader   : 监听到理由配置信息：[
    {
        "id": "item",
        "predicates": [{
            "name": "Path",
            "args": {"_genkey_0":"/items/**", "_genkey_1":"/search/**"}
        }],
        "filters": [],
        "uri": "lb://item-service"
    },
    {
        "id": "cart",
        "predicates": [{
            "name": "Path",
            "args": {"_genkey_0":"/carts/**"}
        }],
        "filters": [],
        "uri": "lb://cart-service"
    },
    {
        "id": "user",
        "predicates": [{
            "name": "Path",
            "args": {"_genkey_0":"/users/**", "_genkey_1":"/addresses/**"}
        }],
        "filters": [],
        "uri": "lb://user-service"
    },
    {
        "id": "trade",
        "predicates": [{
            "name": "Path",
            "args": {"_genkey_0":"/orders/**"}
        }],
        "filters": [],
        "uri": "lb://trade-service"
    },
    {
        "id": "pay",
        "predicates": [{
            "name": "Path",
            "args": {"_genkey_0":"/pay-orders/**"}
        }],
        "filters": [],
        "uri": "lb://pay-service"
    }
]
17:18:52:584  INFO 11672 --- [main] o.s.c.g.r.RouteDefinitionRouteLocator    : Loaded RoutePredicateFactory [After]
17:18:52:585  INFO 11672 --- [main] o.s.c.g.r.RouteDefinitionRouteLocator    : Loaded RoutePredicateFactory [Before]
17:18:52:585  INFO 11672 --- [main] o.s.c.g.r.RouteDefinitionRouteLocator    : Loaded RoutePredicateFactory [Between]
17:18:52:585  INFO 11672 --- [main] o.s.c.g.r.RouteDefinitionRouteLocator    : Loaded RoutePredicateFactory [Cookie]
17:18:52:585  INFO 11672 --- [main] o.s.c.g.r.RouteDefinitionRouteLocator    : Loaded RoutePredicateFactory [Header]
17:18:52:585  INFO 11672 --- [main] o.s.c.g.r.RouteDefinitionRouteLocator    : Loaded RoutePredicateFactory [Host]
17:18:52:585  INFO 11672 --- [main] o.s.c.g.r.RouteDefinitionRouteLocator    : Loaded RoutePredicateFactory [Method]
17:18:52:585  INFO 11672 --- [main] o.s.c.g.r.RouteDefinitionRouteLocator    : Loaded RoutePredicateFactory [Path]
17:18:52:585  INFO 11672 --- [main] o.s.c.g.r.RouteDefinitionRouteLocator    : Loaded RoutePredicateFactory [Query]
17:18:52:585  INFO 11672 --- [main] o.s.c.g.r.RouteDefinitionRouteLocator    : Loaded RoutePredicateFactory [ReadBody]
17:18:52:585  INFO 11672 --- [main] o.s.c.g.r.RouteDefinitionRouteLocator    : Loaded RoutePredicateFactory [RemoteAddr]
17:18:52:585  INFO 11672 --- [main] o.s.c.g.r.RouteDefinitionRouteLocator    : Loaded RoutePredicateFactory [XForwardedRemoteAddr]
17:18:52:585  INFO 11672 --- [main] o.s.c.g.r.RouteDefinitionRouteLocator    : Loaded RoutePredicateFactory [Weight]
17:18:52:585  INFO 11672 --- [main] o.s.c.g.r.RouteDefinitionRouteLocator    : Loaded RoutePredicateFactory [CloudFoundryRouteService]
17:18:53:905  INFO 11672 --- [main] com.alibaba.nacos.common.remote.client   : [RpcClientFactory] create a new rpc client of 1fa64c57-f187-4a10-947f-8df29988364e
17:18:53:905  INFO 11672 --- [main] com.alibaba.nacos.common.remote.client   : [1fa64c57-f187-4a10-947f-8df29988364e] RpcClient init label, labels = {module=naming, source=sdk}
17:18:53:906  INFO 11672 --- [main] com.alibaba.nacos.common.remote.client   : [1fa64c57-f187-4a10-947f-8df29988364e] RpcClient init, ServerListFactory = com.alibaba.nacos.client.naming.core.ServerListManager
17:18:53:906  INFO 11672 --- [main] com.alibaba.nacos.common.remote.client   : [1fa64c57-f187-4a10-947f-8df29988364e] Registry connection listener to current client:com.alibaba.nacos.client.naming.remote.gprc.redo.NamingGrpcRedoService
17:18:53:907  INFO 11672 --- [main] com.alibaba.nacos.common.remote.client   : [1fa64c57-f187-4a10-947f-8df29988364e] Register server push request handler:com.alibaba.nacos.client.naming.remote.gprc.NamingPushRequestHandler
17:18:53:907  INFO 11672 --- [main] com.alibaba.nacos.common.remote.client   : [1fa64c57-f187-4a10-947f-8df29988364e] Try to connect to server on start up, server: {serverIp = '192.168.209.128', server main port = 8848}
17:18:54:038  INFO 11672 --- [main] com.alibaba.nacos.common.remote.client   : [1fa64c57-f187-4a10-947f-8df29988364e] Success to connect to server [192.168.209.128:8848] on start up, connectionId = 1743153534167_192.168.209.1_42813
17:18:54:038  INFO 11672 --- [main] com.alibaba.nacos.common.remote.client   : [1fa64c57-f187-4a10-947f-8df29988364e] Register server push request handler:com.alibaba.nacos.common.remote.client.RpcClient$ConnectResetRequestHandler
17:18:54:038  INFO 11672 --- [main] com.alibaba.nacos.common.remote.client   : [1fa64c57-f187-4a10-947f-8df29988364e] Register server push request handler:com.alibaba.nacos.common.remote.client.RpcClient$$Lambda$465/0x000000084038e440
17:18:54:038  INFO 11672 --- [com.alibaba.nacos.client.remote.worker] com.alibaba.nacos.common.remote.client   : [1fa64c57-f187-4a10-947f-8df29988364e] Notify connected event to listeners.
17:18:54:622  INFO 11672 --- [nacos-grpc-client-executor-4] com.alibaba.nacos.common.remote.client   : [1fa64c57-f187-4a10-947f-8df29988364e] Receive server push request, request = NotifySubscriberRequest, requestId = 37
17:18:54:633  INFO 11672 --- [nacos-grpc-client-executor-4] com.alibaba.nacos.common.remote.client   : [1fa64c57-f187-4a10-947f-8df29988364e] Ack server push request, request = NotifySubscriberRequest, requestId = 37
17:18:55:158  INFO 11672 --- [main] o.s.b.web.embedded.netty.NettyWebServer  : Netty started on port 8080
17:18:57:766  INFO 11672 --- [main] c.a.c.n.registry.NacosServiceRegistry    : nacos registry, DEFAULT_GROUP gateway 192.168.209.1:8080 register finished
17:18:57:776  INFO 11672 --- [main] com.hmall.gateway.GatewayApplication     : Started GatewayApplication in 12.337 seconds (JVM running for 13.109)
17:18:57:779  INFO 11672 --- [main] c.a.c.n.refresh.NacosContextRefresher    : [Nacos Config] Listening config: dataId=gateway.yaml, group=DEFAULT_GROUP
17:18:57:779  INFO 11672 --- [main] c.a.c.n.refresh.NacosContextRefresher    : [Nacos Config] Listening config: dataId=gateway-dev.yaml, group=DEFAULT_GROUP
17:18:57:779  INFO 11672 --- [main] c.a.c.n.refresh.NacosContextRefresher    : [Nacos Config] Listening config: dataId=gateway, group=DEFAULT_GROUP
17:18:58:337  INFO 11672 --- [nacos-grpc-client-executor-9] com.alibaba.nacos.common.remote.client   : [1fa64c57-f187-4a10-947f-8df29988364e] Receive server push request, request = NotifySubscriberRequest, requestId = 40
17:18:58:347  INFO 11672 --- [nacos-grpc-client-executor-9] com.alibaba.nacos.common.remote.client   : [1fa64c57-f187-4a10-947f-8df29988364e] Ack server push request, request = NotifySubscriberRequest, requestId = 40
17:51:40:223 ERROR 11672 --- [reactor-http-nio-2] o.s.w.s.adapter.HttpWebHandlerAdapter    : [9f0c5809-1] 500 Server Error for HTTP GET "/orders/1905547275820724226"

java.lang.NullPointerException: null
	at com.hmall.gateway.filters.AuthGlobalFilter.filter(AuthGlobalFilter.java:60) ~[classes/:na]
	Suppressed: reactor.core.publisher.FluxOnAssembly$OnAssemblyException: 
Error has been observed at the following site(s):
	*__checkpoint ⇢ org.springframework.cloud.gateway.filter.WeightCalculatorWebFilter [DefaultWebFilterChain]
	*__checkpoint ⇢ HTTP GET "/orders/1905547275820724226" [ExceptionHandlingWebHandler]
Original Stack Trace:
		at com.hmall.gateway.filters.AuthGlobalFilter.filter(AuthGlobalFilter.java:60) ~[classes/:na]
		at org.springframework.cloud.gateway.handler.FilteringWebHandler$GatewayFilterAdapter.filter(FilteringWebHandler.java:137) ~[spring-cloud-gateway-server-3.1.3.jar:3.1.3]
		at org.springframework.cloud.gateway.filter.OrderedGatewayFilter.filter(OrderedGatewayFilter.java:44) ~[spring-cloud-gateway-server-3.1.3.jar:3.1.3]
		at org.springframework.cloud.gateway.handler.FilteringWebHandler$DefaultGatewayFilterChain.lambda$filter$0(FilteringWebHandler.java:117) ~[spring-cloud-gateway-server-3.1.3.jar:3.1.3]
		at reactor.core.publisher.MonoDefer.subscribe(MonoDefer.java:44) ~[reactor-core-3.4.29.jar:3.4.29]
		at reactor.core.publisher.Mono.subscribe(Mono.java:4490) ~[reactor-core-3.4.29.jar:3.4.29]
		at reactor.core.publisher.MonoIgnoreThen$ThenIgnoreMain.subscribeNext(MonoIgnoreThen.java:263) ~[reactor-core-3.4.29.jar:3.4.29]
		at reactor.core.publisher.MonoIgnoreThen.subscribe(MonoIgnoreThen.java:51) ~[reactor-core-3.4.29.jar:3.4.29]
		at reactor.core.publisher.InternalMonoOperator.subscribe(InternalMonoOperator.java:64) ~[reactor-core-3.4.29.jar:3.4.29]
		at reactor.core.publisher.MonoDefer.subscribe(MonoDefer.java:52) ~[reactor-core-3.4.29.jar:3.4.29]
		at reactor.core.publisher.MonoDefer.subscribe(MonoDefer.java:52) ~[reactor-core-3.4.29.jar:3.4.29]
		at reactor.core.publisher.InternalMonoOperator.subscribe(InternalMonoOperator.java:64) ~[reactor-core-3.4.29.jar:3.4.29]
		at reactor.core.publisher.MonoDefer.subscribe(MonoDefer.java:52) ~[reactor-core-3.4.29.jar:3.4.29]
		at reactor.core.publisher.Mono.subscribe(Mono.java:4490) ~[reactor-core-3.4.29.jar:3.4.29]
		at reactor.core.publisher.MonoIgnoreThen$ThenIgnoreMain.subscribeNext(MonoIgnoreThen.java:263) ~[reactor-core-3.4.29.jar:3.4.29]
		at reactor.core.publisher.MonoIgnoreThen.subscribe(MonoIgnoreThen.java:51) ~[reactor-core-3.4.29.jar:3.4.29]
		at reactor.core.publisher.MonoFlatMap$FlatMapMain.onNext(MonoFlatMap.java:157) ~[reactor-core-3.4.29.jar:3.4.29]
		at reactor.core.publisher.FluxSwitchIfEmpty$SwitchIfEmptySubscriber.onNext(FluxSwitchIfEmpty.java:74) ~[reactor-core-3.4.29.jar:3.4.29]
		at reactor.core.publisher.MonoNext$NextSubscriber.onNext(MonoNext.java:82) ~[reactor-core-3.4.29.jar:3.4.29]
		at reactor.core.publisher.FluxConcatMap$ConcatMapImmediate.innerNext(FluxConcatMap.java:282) ~[reactor-core-3.4.29.jar:3.4.29]
		at reactor.core.publisher.FluxConcatMap$ConcatMapInner.onNext(FluxConcatMap.java:863) ~[reactor-core-3.4.29.jar:3.4.29]
		at reactor.core.publisher.FluxMap$MapSubscriber.onNext(FluxMap.java:122) ~[reactor-core-3.4.29.jar:3.4.29]
		at reactor.core.publisher.FluxSwitchIfEmpty$SwitchIfEmptySubscriber.onNext(FluxSwitchIfEmpty.java:74) ~[reactor-core-3.4.29.jar:3.4.29]
		at reactor.core.publisher.Operators$MonoSubscriber.complete(Operators.java:1839) ~[reactor-core-3.4.29.jar:3.4.29]
		at reactor.core.publisher.MonoFlatMap$FlatMapMain.onNext(MonoFlatMap.java:151) ~[reactor-core-3.4.29.jar:3.4.29]
		at reactor.core.publisher.FluxMap$MapSubscriber.onNext(FluxMap.java:122) ~[reactor-core-3.4.29.jar:3.4.29]
		at reactor.core.publisher.MonoNext$NextSubscriber.onNext(MonoNext.java:82) ~[reactor-core-3.4.29.jar:3.4.29]
		at reactor.core.publisher.FluxConcatMap$ConcatMapImmediate.innerNext(FluxConcatMap.java:282) ~[reactor-core-3.4.29.jar:3.4.29]
		at reactor.core.publisher.FluxConcatMap$ConcatMapInner.onNext(FluxConcatMap.java:863) ~[reactor-core-3.4.29.jar:3.4.29]
		at reactor.core.publisher.FluxOnErrorResume$ResumeSubscriber.onNext(FluxOnErrorResume.java:79) ~[reactor-core-3.4.29.jar:3.4.29]
		at reactor.core.publisher.MonoPeekTerminal$MonoTerminalPeekSubscriber.onNext(MonoPeekTerminal.java:180) ~[reactor-core-3.4.29.jar:3.4.29]
		at reactor.core.publisher.Operators$MonoSubscriber.complete(Operators.java:1839) ~[reactor-core-3.4.29.jar:3.4.29]
		at reactor.core.publisher.MonoFilterWhen$MonoFilterWhenMain.onNext(MonoFilterWhen.java:149) ~[reactor-core-3.4.29.jar:3.4.29]
		at reactor.core.publisher.Operators$ScalarSubscription.request(Operators.java:2400) ~[reactor-core-3.4.29.jar:3.4.29]
		at reactor.core.publisher.MonoFilterWhen$MonoFilterWhenMain.onSubscribe(MonoFilterWhen.java:112) ~[reactor-core-3.4.29.jar:3.4.29]
		at reactor.core.publisher.MonoJust.subscribe(MonoJust.java:55) ~[reactor-core-3.4.29.jar:3.4.29]
		at reactor.core.publisher.Mono.subscribe(Mono.java:4490) ~[reactor-core-3.4.29.jar:3.4.29]
		at reactor.core.publisher.FluxConcatMap$ConcatMapImmediate.drain(FluxConcatMap.java:451) ~[reactor-core-3.4.29.jar:3.4.29]
		at reactor.core.publisher.FluxConcatMap$ConcatMapImmediate.onNext(FluxConcatMap.java:251) ~[reactor-core-3.4.29.jar:3.4.29]
		at reactor.core.publisher.FluxDematerialize$DematerializeSubscriber.onNext(FluxDematerialize.java:98) ~[reactor-core-3.4.29.jar:3.4.29]
		at reactor.core.publisher.FluxDematerialize$DematerializeSubscriber.onNext(FluxDematerialize.java:44) ~[reactor-core-3.4.29.jar:3.4.29]
		at reactor.core.publisher.FluxIterable$IterableSubscription.slowPath(FluxIterable.java:335) ~[reactor-core-3.4.29.jar:3.4.29]
		at reactor.core.publisher.FluxIterable$IterableSubscription.request(FluxIterable.java:294) ~[reactor-core-3.4.29.jar:3.4.29]
		at reactor.core.publisher.FluxDematerialize$DematerializeSubscriber.request(FluxDematerialize.java:127) ~[reactor-core-3.4.29.jar:3.4.29]
		at reactor.core.publisher.FluxConcatMap$ConcatMapImmediate.onSubscribe(FluxConcatMap.java:236) ~[reactor-core-3.4.29.jar:3.4.29]
		at reactor.core.publisher.FluxDematerialize$DematerializeSubscriber.onSubscribe(FluxDematerialize.java:77) ~[reactor-core-3.4.29.jar:3.4.29]
		at reactor.core.publisher.FluxIterable.subscribe(FluxIterable.java:201) ~[reactor-core-3.4.29.jar:3.4.29]
		at reactor.core.publisher.FluxIterable.subscribe(FluxIterable.java:83) ~[reactor-core-3.4.29.jar:3.4.29]
		at reactor.core.publisher.InternalFluxOperator.subscribe(InternalFluxOperator.java:62) ~[reactor-core-3.4.29.jar:3.4.29]
		at reactor.core.publisher.FluxDefer.subscribe(FluxDefer.java:54) ~[reactor-core-3.4.29.jar:3.4.29]
		at reactor.core.publisher.Mono.subscribe(Mono.java:4490) ~[reactor-core-3.4.29.jar:3.4.29]
		at reactor.core.publisher.FluxConcatMap$ConcatMapImmediate.drain(FluxConcatMap.java:451) ~[reactor-core-3.4.29.jar:3.4.29]
		at reactor.core.publisher.FluxConcatMap$ConcatMapImmediate.onSubscribe(FluxConcatMap.java:219) ~[reactor-core-3.4.29.jar:3.4.29]
		at reactor.core.publisher.FluxIterable.subscribe(FluxIterable.java:201) ~[reactor-core-3.4.29.jar:3.4.29]
		at reactor.core.publisher.FluxIterable.subscribe(FluxIterable.java:83) ~[reactor-core-3.4.29.jar:3.4.29]
		at reactor.core.publisher.InternalMonoOperator.subscribe(InternalMonoOperator.java:64) ~[reactor-core-3.4.29.jar:3.4.29]
		at reactor.core.publisher.MonoDefer.subscribe(MonoDefer.java:52) ~[reactor-core-3.4.29.jar:3.4.29]
		at reactor.core.publisher.InternalMonoOperator.subscribe(InternalMonoOperator.java:64) ~[reactor-core-3.4.29.jar:3.4.29]
		at reactor.core.publisher.MonoDefer.subscribe(MonoDefer.java:52) ~[reactor-core-3.4.29.jar:3.4.29]
		at reactor.core.publisher.Mono.subscribe(Mono.java:4490) ~[reactor-core-3.4.29.jar:3.4.29]
		at reactor.core.publisher.MonoIgnoreThen$ThenIgnoreMain.subscribeNext(MonoIgnoreThen.java:263) ~[reactor-core-3.4.29.jar:3.4.29]
		at reactor.core.publisher.MonoIgnoreThen.subscribe(MonoIgnoreThen.java:51) ~[reactor-core-3.4.29.jar:3.4.29]
		at reactor.core.publisher.InternalMonoOperator.subscribe(InternalMonoOperator.java:64) ~[reactor-core-3.4.29.jar:3.4.29]
		at reactor.core.publisher.MonoDeferContextual.subscribe(MonoDeferContextual.java:55) ~[reactor-core-3.4.29.jar:3.4.29]
		at reactor.netty.http.server.HttpServer$HttpServerHandle.onStateChange(HttpServer.java:1002) ~[reactor-netty-http-1.0.32.jar:1.0.32]
		at reactor.netty.ReactorNetty$CompositeConnectionObserver.onStateChange(ReactorNetty.java:707) ~[reactor-netty-core-1.0.32.jar:1.0.32]
		at reactor.netty.transport.ServerTransport$ChildObserver.onStateChange(ServerTransport.java:481) ~[reactor-netty-core-1.0.32.jar:1.0.32]
		at reactor.netty.http.server.HttpServerOperations.onInboundNext(HttpServerOperations.java:621) ~[reactor-netty-http-1.0.32.jar:1.0.32]
		at reactor.netty.channel.ChannelOperationsHandler.channelRead(ChannelOperationsHandler.java:113) ~[reactor-netty-core-1.0.32.jar:1.0.32]
		at io.netty.channel.AbstractChannelHandlerContext.invokeChannelRead(AbstractChannelHandlerContext.java:444) ~[netty-transport-4.1.92.Final.jar:4.1.92.Final]
		at io.netty.channel.AbstractChannelHandlerContext.invokeChannelRead(AbstractChannelHandlerContext.java:420) ~[netty-transport-4.1.92.Final.jar:4.1.92.Final]
		at io.netty.channel.AbstractChannelHandlerContext.fireChannelRead(AbstractChannelHandlerContext.java:412) ~[netty-transport-4.1.92.Final.jar:4.1.92.Final]
		at reactor.netty.http.server.HttpTrafficHandler.channelRead(HttpTrafficHandler.java:230) ~[reactor-netty-http-1.0.32.jar:1.0.32]
		at io.netty.channel.AbstractChannelHandlerContext.invokeChannelRead(AbstractChannelHandlerContext.java:442) ~[netty-transport-4.1.92.Final.jar:4.1.92.Final]
		at io.netty.channel.AbstractChannelHandlerContext.invokeChannelRead(AbstractChannelHandlerContext.java:420) ~[netty-transport-4.1.92.Final.jar:4.1.92.Final]
		at io.netty.channel.AbstractChannelHandlerContext.fireChannelRead(AbstractChannelHandlerContext.java:412) ~[netty-transport-4.1.92.Final.jar:4.1.92.Final]
		at io.netty.channel.CombinedChannelDuplexHandler$DelegatingChannelHandlerContext.fireChannelRead(CombinedChannelDuplexHandler.java:436) ~[netty-transport-4.1.92.Final.jar:4.1.92.Final]
		at io.netty.handler.codec.ByteToMessageDecoder.fireChannelRead(ByteToMessageDecoder.java:346) ~[netty-codec-4.1.92.Final.jar:4.1.92.Final]
		at io.netty.handler.codec.ByteToMessageDecoder.channelRead(ByteToMessageDecoder.java:318) ~[netty-codec-4.1.92.Final.jar:4.1.92.Final]
		at io.netty.channel.CombinedChannelDuplexHandler.channelRead(CombinedChannelDuplexHandler.java:251) ~[netty-transport-4.1.92.Final.jar:4.1.92.Final]
		at io.netty.channel.AbstractChannelHandlerContext.invokeChannelRead(AbstractChannelHandlerContext.java:442) ~[netty-transport-4.1.92.Final.jar:4.1.92.Final]
		at io.netty.channel.AbstractChannelHandlerContext.invokeChannelRead(AbstractChannelHandlerContext.java:420) ~[netty-transport-4.1.92.Final.jar:4.1.92.Final]
		at io.netty.channel.AbstractChannelHandlerContext.fireChannelRead(AbstractChannelHandlerContext.java:412) ~[netty-transport-4.1.92.Final.jar:4.1.92.Final]
		at io.netty.channel.DefaultChannelPipeline$HeadContext.channelRead(DefaultChannelPipeline.java:1410) ~[netty-transport-4.1.92.Final.jar:4.1.92.Final]
		at io.netty.channel.AbstractChannelHandlerContext.invokeChannelRead(AbstractChannelHandlerContext.java:440) ~[netty-transport-4.1.92.Final.jar:4.1.92.Final]
		at io.netty.channel.AbstractChannelHandlerContext.invokeChannelRead(AbstractChannelHandlerContext.java:420) ~[netty-transport-4.1.92.Final.jar:4.1.92.Final]
		at io.netty.channel.DefaultChannelPipeline.fireChannelRead(DefaultChannelPipeline.java:919) ~[netty-transport-4.1.92.Final.jar:4.1.92.Final]
		at io.netty.channel.nio.AbstractNioByteChannel$NioByteUnsafe.read(AbstractNioByteChannel.java:166) ~[netty-transport-4.1.92.Final.jar:4.1.92.Final]
		at io.netty.channel.nio.NioEventLoop.processSelectedKey(NioEventLoop.java:788) ~[netty-transport-4.1.92.Final.jar:4.1.92.Final]
		at io.netty.channel.nio.NioEventLoop.processSelectedKeysOptimized(NioEventLoop.java:724) ~[netty-transport-4.1.92.Final.jar:4.1.92.Final]
		at io.netty.channel.nio.NioEventLoop.processSelectedKeys(NioEventLoop.java:650) ~[netty-transport-4.1.92.Final.jar:4.1.92.Final]
		at io.netty.channel.nio.NioEventLoop.run(NioEventLoop.java:562) ~[netty-transport-4.1.92.Final.jar:4.1.92.Final]
		at io.netty.util.concurrent.SingleThreadEventExecutor$4.run(SingleThreadEventExecutor.java:997) ~[netty-common-4.1.92.Final.jar:4.1.92.Final]
		at io.netty.util.internal.ThreadExecutorMap$2.run(ThreadExecutorMap.java:74) ~[netty-common-4.1.92.Final.jar:4.1.92.Final]
		at io.netty.util.concurrent.FastThreadLocalRunnable.run(FastThreadLocalRunnable.java:30) ~[netty-common-4.1.92.Final.jar:4.1.92.Final]
		at java.base/java.lang.Thread.run(Thread.java:829) ~[na:na]

17:51:41:519  INFO 11672 --- [nacos-grpc-client-executor-412] com.alibaba.nacos.common.remote.client   : [1fa64c57-f187-4a10-947f-8df29988364e] Receive server push request, request = NotifySubscriberRequest, requestId = 50
17:51:41:519  INFO 11672 --- [nacos-grpc-client-executor-412] com.alibaba.nacos.common.remote.client   : [1fa64c57-f187-4a10-947f-8df29988364e] Ack server push request, request = NotifySubscriberRequest, requestId = 50
17:51:42:114  INFO 11672 --- [nacos-grpc-client-executor-415] com.alibaba.nacos.common.remote.client   : [1fa64c57-f187-4a10-947f-8df29988364e] Receive server push request, request = NotifySubscriberRequest, requestId = 51
17:51:42:115  INFO 11672 --- [nacos-grpc-client-executor-415] com.alibaba.nacos.common.remote.client   : [1fa64c57-f187-4a10-947f-8df29988364e] Ack server push request, request = NotifySubscriberRequest, requestId = 51
17:51:43:426  INFO 11672 --- [nacos-grpc-client-executor-418] com.alibaba.nacos.common.remote.client   : [1fa64c57-f187-4a10-947f-8df29988364e] Receive server push request, request = NotifySubscriberRequest, requestId = 52
17:51:43:427  INFO 11672 --- [nacos-grpc-client-executor-418] com.alibaba.nacos.common.remote.client   : [1fa64c57-f187-4a10-947f-8df29988364e] Ack server push request, request = NotifySubscriberRequest, requestId = 52
17:51:44:227  INFO 11672 --- [nacos-grpc-client-executor-421] com.alibaba.nacos.common.remote.client   : [1fa64c57-f187-4a10-947f-8df29988364e] Receive server push request, request = NotifySubscriberRequest, requestId = 53
17:51:44:227  INFO 11672 --- [nacos-grpc-client-executor-421] com.alibaba.nacos.common.remote.client   : [1fa64c57-f187-4a10-947f-8df29988364e] Ack server push request, request = NotifySubscriberRequest, requestId = 53
17:51:51:259  INFO 11672 --- [nacos-grpc-client-executor-424] com.alibaba.nacos.common.remote.client   : [1fa64c57-f187-4a10-947f-8df29988364e] Receive server push request, request = NotifySubscriberRequest, requestId = 57
17:51:51:259  INFO 11672 --- [nacos-grpc-client-executor-424] com.alibaba.nacos.common.remote.client   : [1fa64c57-f187-4a10-947f-8df29988364e] Ack server push request, request = NotifySubscriberRequest, requestId = 57
17:57:00:858  WARN 11672 --- [Thread-5] c.a.nacos.common.notify.NotifyCenter     : [NotifyCenter] Start destroying Publisher
17:57:00:859  WARN 11672 --- [Thread-1] c.a.n.common.http.HttpClientBeanHolder   : [HttpClientBeanHolder] Start destroying common HttpClient
17:57:00:859  WARN 11672 --- [Thread-5] c.a.nacos.common.notify.NotifyCenter     : [NotifyCenter] Destruction of the end
17:57:00:859  WARN 11672 --- [Thread-1] c.a.n.common.http.HttpClientBeanHolder   : [HttpClientBeanHolder] Destruction of the end
17:57:00:872  INFO 11672 --- [SpringApplicationShutdownHook] c.a.c.n.registry.NacosServiceRegistry    : De-registering from Nacos Server now...
17:57:00:875  INFO 11672 --- [SpringApplicationShutdownHook] c.a.c.n.registry.NacosServiceRegistry    : De-registration finished.
17:57:01:209  INFO 11672 --- [SpringApplicationShutdownHook] com.alibaba.nacos.common.remote.client   : Shutdown rpc client, set status to shutdown
17:57:01:209  INFO 11672 --- [SpringApplicationShutdownHook] com.alibaba.nacos.common.remote.client   : Shutdown client event executor java.util.concurrent.ScheduledThreadPoolExecutor@1229530a[Running, pool size = 2, active threads = 2, queued tasks = 0, completed tasks = 0]
17:57:01:209  INFO 11672 --- [SpringApplicationShutdownHook] com.alibaba.nacos.common.remote.client   : Close current connection 1743153534167_192.168.209.1_42813
17:57:01:212  INFO 11672 --- [SpringApplicationShutdownHook] c.a.n.c.remote.client.grpc.GrpcClient    : Shutdown grpc executor java.util.concurrent.ThreadPoolExecutor@31a63ef[Running, pool size = 4, active threads = 0, queued tasks = 0, completed tasks = 499]
